2025-04-11 19:26:59,049 - INFO: Starting scraping with configuration: Configuration(base_url='https://kubernetes.io/docs', output_dir='./output', max_links_to_process=4, sections=['tutorials'])
2025-04-11 19:26:59,049 - INFO: Scraping section: tutorials from https://kubernetes.io/docs/tutorials/
2025-04-11 19:26:59,252 - INFO: Found 4 links to process for section: tutorials
2025-04-11 19:26:59,875 - INFO: Completed scraping section: tutorials. Processed 4 links with 0 failures.
2025-04-11 19:26:59,875 - INFO: Total pages processed: 4
2025-04-11 19:26:59,875 - INFO: Failed links: 0
2025-04-11 19:28:44,661 - INFO: Starting scraping with configuration: Configuration(base_url='https://kubernetes.io/docs', output_dir='./output', max_links_to_process=4, sections=['tutorials'])
2025-04-11 19:28:44,662 - INFO: Scraping section: tutorials from https://kubernetes.io/docs/tutorials/
2025-04-11 19:28:44,865 - INFO: Found 4 links to process for section: tutorials
2025-04-11 19:28:45,175 - INFO: Completed scraping section: tutorials. Processed 4 links with 0 failures.
2025-04-11 19:28:45,175 - INFO: Total pages processed: 4
2025-04-11 19:28:45,175 - INFO: Failed links: 0
2025-04-11 19:45:38,166 - INFO: Starting scraping with configuration: Configuration(base_url='https://kubernetes.io/docs', output_dir='./output', max_links_to_process=4, sections=['tutorials'])
2025-04-11 19:45:38,167 - INFO: Scraping section: tutorials from https://kubernetes.io/docs/tutorials/
2025-04-11 19:45:38,374 - INFO: Found 4 links to process for section: tutorials
2025-04-11 19:45:38,684 - INFO: Completed scraping section: tutorials. Processed 4 links with 0 failures.
2025-04-11 19:45:38,684 - INFO: Total pages processed: 4
2025-04-11 19:45:38,684 - INFO: Failed links: 0
2025-04-11 20:23:37,661 - INFO: Starting scraping with configuration: Configuration(base_url='https://kubernetes.io/docs', output_dir='./output', max_links_to_process=4, sections=['tutorials'])
2025-04-11 20:23:37,661 - INFO: Scraping section: tutorials from https://kubernetes.io/docs/tutorials/
2025-04-11 20:23:47,334 - INFO: Starting scraping with configuration: Configuration(base_url='https://kubernetes.io/docs', output_dir='./output', max_links_to_process=4, sections=['tutorials'])
2025-04-11 20:23:47,334 - INFO: Scraping section: tutorials from https://kubernetes.io/docs/tutorials/
2025-04-11 20:23:47,764 - INFO: Found 4 links to process for section: tutorials
2025-04-11 20:23:48,757 - INFO: Completed scraping section: tutorials. Processed 4 links with 0 failures.
2025-04-11 20:23:48,757 - INFO: Total pages processed: 4
2025-04-11 20:23:48,757 - INFO: Failed links: 0
2025-04-11 20:26:53,326 - INFO: Starting scraping with configuration: Configuration(base_url='https://kubernetes.io/docs', output_dir='./output', max_links_to_process=4, sections=['tutorials'])
2025-04-11 20:26:53,326 - INFO: Scraping section: tutorials from https://kubernetes.io/docs/tutorials/
2025-04-11 20:26:53,771 - INFO: Found 4 links to process for section: tutorials
2025-04-11 20:26:54,970 - INFO: Completed scraping section: tutorials. Processed 4 links with 0 failures.
2025-04-11 20:26:54,970 - INFO: Total pages processed: 4
2025-04-11 20:26:54,970 - INFO: Failed links: 0
2025-04-11 20:29:59,232 - INFO: Starting scraping with configuration: Configuration(base_url='https://kubernetes.io/docs', output_dir='./output', max_links_to_process=4, sections=['tutorials'])
2025-04-11 20:29:59,233 - INFO: Scraping section: tutorials from https://kubernetes.io/docs/tutorials/
2025-04-11 20:29:59,527 - INFO: Found 4 links to process for section: tutorials
2025-04-11 20:29:59,833 - INFO: Completed scraping section: tutorials. Processed 4 links with 0 failures.
2025-04-11 20:29:59,833 - INFO: Total pages processed: 4
2025-04-11 20:29:59,833 - INFO: Failed links: 0
2025-04-11 20:30:35,634 - INFO: Starting scraping with configuration: Configuration(base_url='https://kubernetes.io/docs', output_dir='./output', max_links_to_process=-1, sections=['tutorials'])
2025-04-11 20:30:35,635 - INFO: Scraping section: tutorials from https://kubernetes.io/docs/tutorials/
2025-04-11 20:30:35,854 - INFO: Found 39 links to process for section: tutorials
2025-04-11 20:30:48,874 - INFO: Completed scraping section: tutorials. Processed 39 links with 0 failures.
2025-04-11 20:30:48,874 - INFO: Total pages processed: 39
2025-04-11 20:30:48,874 - INFO: Failed links: 0
2025-04-11 20:38:14,060 - INFO: Starting scraping with configuration: Configuration(base_url='https://kubernetes.io/docs', output_dir='./output', max_links_to_process=-1, sections=['setup', 'concepts', 'tasks', 'tutorials', 'reference'])
2025-04-11 20:38:14,060 - INFO: Scraping section: setup from https://kubernetes.io/docs/setup/
2025-04-11 20:38:14,421 - INFO: Found 22 links to process for section: setup
2025-04-11 20:38:20,336 - INFO: Completed scraping section: setup. Processed 22 links with 0 failures.
2025-04-11 20:38:20,337 - INFO: Scraping section: concepts from https://kubernetes.io/docs/concepts/
2025-04-11 20:38:20,429 - INFO: Found 149 links to process for section: concepts
2025-04-11 20:39:12,414 - INFO: Completed scraping section: concepts. Processed 149 links with 0 failures.
2025-04-11 20:39:12,415 - INFO: Scraping section: tasks from https://kubernetes.io/docs/tasks/
2025-04-11 20:39:12,667 - INFO: Found 202 links to process for section: tasks
2025-04-11 20:40:48,403 - INFO: Completed scraping section: tasks. Processed 202 links with 0 failures.
2025-04-11 20:40:48,403 - INFO: Scraping section: tutorials from https://kubernetes.io/docs/tutorials/
2025-04-11 20:40:48,572 - INFO: Found 39 links to process for section: tutorials
2025-04-11 20:41:01,047 - INFO: Completed scraping section: tutorials. Processed 39 links with 0 failures.
2025-04-11 20:41:01,047 - INFO: Scraping section: reference from https://kubernetes.io/docs/reference/
2025-04-11 20:41:01,295 - INFO: Found 328 links to process for section: reference
2025-04-11 20:44:00,597 - INFO: Completed scraping section: reference. Processed 328 links with 2 failures.
2025-04-11 20:44:00,597 - INFO: Total pages processed: 740
2025-04-11 20:44:00,597 - INFO: Failed links: 2
2025-04-11 20:44:00,597 - WARNING: Failed to process: https://kubernetes.io/docs/reference/glossary/
2025-04-11 20:44:00,597 - WARNING: Failed to process: https://kubernetes.io/docs/reference/kubectl/kubectl-cmds/
2025-04-11 20:56:33,831 - INFO: Starting scraping with configuration: Configuration(base_url='https://kubernetes.io/docs', output_dir='./output', max_links_to_process=-1, sections=[])
2025-04-11 20:56:33,831 - INFO: Total pages processed: 0
2025-04-11 20:56:33,832 - INFO: Failed links: 0
2025-04-11 21:06:42,953 - INFO: Starting scraping with configuration: Configuration(kubernetes_docs_base_url='https://kubernetes.io/docs', kubernetes_changelog_base_url='https://raw.githubusercontent.com/kubernetes/kubernetes/refs/heads/master/CHANGELOG/CHANGELOG-1.{minor}.md', output_dir='./output', max_links_to_process=-1, sections=[])
2025-04-11 21:06:42,954 - INFO: Total pages processed: 0
2025-04-11 21:06:42,954 - INFO: Failed links: 0
2025-04-11 21:09:35,991 - INFO: Starting scraping with configuration: Configuration(kubernetes_docs_base_url='https://kubernetes.io/docs', kubernetes_changelog_base_url='https://raw.githubusercontent.com/kubernetes/kubernetes/refs/heads/master/CHANGELOG/CHANGELOG-1.{minor}.md', output_dir='./output', max_links_to_process=-1, sections=[])
2025-04-11 21:09:35,991 - INFO: Total pages processed: 0
2025-04-11 21:09:35,991 - INFO: Failed links: 0
2025-04-11 21:09:41,198 - INFO: Starting scraping with configuration: Configuration(kubernetes_docs_base_url='https://kubernetes.io/docs', kubernetes_changelog_base_url='https://raw.githubusercontent.com/kubernetes/kubernetes/refs/heads/master/CHANGELOG/CHANGELOG-1.{minor}.md', output_dir='./output', max_links_to_process=-1, sections=[])
2025-04-11 21:09:41,198 - INFO: Total pages processed: 0
2025-04-11 21:09:41,198 - INFO: Failed links: 0
2025-04-11 21:10:38,858 - INFO: Starting scraping with configuration: Configuration(kubernetes_docs_base_url='https://kubernetes.io/docs', kubernetes_changelog_base_url='https://raw.githubusercontent.com/kubernetes/kubernetes/refs/heads/master/CHANGELOG/CHANGELOG-1.{minor}.md', output_dir='./output', max_links_to_process=-1, sections=[])
2025-04-11 21:10:38,858 - INFO: Total pages processed: 0
2025-04-11 21:10:38,858 - INFO: Failed links: 0
2025-04-11 21:13:55,313 - INFO: Starting scraping with configuration: Configuration(kubernetes_docs_base_url='https://kubernetes.io/docs', kubernetes_changelog_base_url='https://raw.githubusercontent.com/kubernetes/kubernetes/refs/heads/master/CHANGELOG/CHANGELOG-{major}.{minor}.md', output_dir='./output', max_links_to_process=-1, sections=[])
2025-04-11 21:13:55,313 - INFO: Total pages processed: 0
2025-04-11 21:13:55,313 - INFO: Failed links: 0
2025-04-11 21:13:55,948 - ERROR: Failed to download https://raw.githubusercontent.com/kubernetes/kubernetes/refs/heads/master/CHANGELOG/CHANGELOG-{major}.{minor}.md: 404 Client Error: Not Found for url: https://raw.githubusercontent.com/kubernetes/kubernetes/refs/heads/master/CHANGELOG/CHANGELOG-32.$32.$32.md
2025-04-11 21:14:21,982 - INFO: Starting scraping with configuration: Configuration(kubernetes_docs_base_url='https://kubernetes.io/docs', kubernetes_changelog_base_url='https://raw.githubusercontent.com/kubernetes/kubernetes/refs/heads/master/CHANGELOG/CHANGELOG-{major}.{minor}.md', output_dir='./output', max_links_to_process=-1, sections=[])
2025-04-11 21:14:21,983 - INFO: Total pages processed: 0
2025-04-11 21:14:21,983 - INFO: Failed links: 0
2025-04-11 21:14:22,374 - ERROR: Unexpected error processing https://raw.githubusercontent.com/kubernetes/kubernetes/refs/heads/master/CHANGELOG/CHANGELOG-{major}.{minor}.md: 'major'
2025-04-11 21:14:27,514 - INFO: Starting scraping with configuration: Configuration(kubernetes_docs_base_url='https://kubernetes.io/docs', kubernetes_changelog_base_url='https://raw.githubusercontent.com/kubernetes/kubernetes/refs/heads/master/CHANGELOG/CHANGELOG-{major}.{minor}.md', output_dir='./output', max_links_to_process=-1, sections=[])
2025-04-11 21:14:27,514 - INFO: Total pages processed: 0
2025-04-11 21:14:27,514 - INFO: Failed links: 0
2025-04-11 21:14:27,875 - ERROR: Unexpected error processing https://raw.githubusercontent.com/kubernetes/kubernetes/refs/heads/master/CHANGELOG/CHANGELOG-{major}.{minor}.md: 'major'
2025-04-11 21:14:51,561 - INFO: Starting scraping with configuration: Configuration(kubernetes_docs_base_url='https://kubernetes.io/docs', kubernetes_changelog_base_url='https://raw.githubusercontent.com/kubernetes/kubernetes/refs/heads/master/CHANGELOG/CHANGELOG-{major}.{minor}.md', output_dir='./output', max_links_to_process=-1, sections=[])
2025-04-11 21:14:51,561 - INFO: Total pages processed: 0
2025-04-11 21:14:51,561 - INFO: Failed links: 0
2025-04-11 21:14:52,130 - ERROR: Failed to download https://raw.githubusercontent.com/kubernetes/kubernetes/refs/heads/master/CHANGELOG/CHANGELOG-{major}.{minor}.md: 404 Client Error: Not Found for url: https://raw.githubusercontent.com/kubernetes/kubernetes/refs/heads/master/CHANGELOG/CHANGELOG-32.32.md
2025-04-11 21:15:10,153 - INFO: Starting scraping with configuration: Configuration(kubernetes_docs_base_url='https://kubernetes.io/docs', kubernetes_changelog_base_url='https://raw.githubusercontent.com/kubernetes/kubernetes/refs/heads/master/CHANGELOG/CHANGELOG-{major}.{minor}.md', output_dir='./output', max_links_to_process=-1, sections=[])
2025-04-11 21:15:10,153 - INFO: Total pages processed: 0
2025-04-11 21:15:10,153 - INFO: Failed links: 0
2025-04-11 21:15:13,552 - INFO: Starting scraping with configuration: Configuration(kubernetes_docs_base_url='https://kubernetes.io/docs', kubernetes_changelog_base_url='https://raw.githubusercontent.com/kubernetes/kubernetes/refs/heads/master/CHANGELOG/CHANGELOG-{major}.{minor}.md', output_dir='./output', max_links_to_process=-1, sections=[])
2025-04-11 21:15:13,552 - INFO: Total pages processed: 0
2025-04-11 21:15:13,552 - INFO: Failed links: 0
2025-04-11 21:15:59,376 - INFO: Starting scraping with configuration: Configuration(kubernetes_docs_base_url='https://kubernetes.io/docs', kubernetes_changelog_base_url='https://raw.githubusercontent.com/kubernetes/kubernetes/refs/heads/master/CHANGELOG/CHANGELOG-{major}.{minor}.md', output_dir='./output', max_links_to_process=-1, sections=[])
2025-04-11 21:15:59,376 - INFO: Total pages processed: 0
2025-04-11 21:15:59,376 - INFO: Failed links: 0
2025-04-11 21:16:31,632 - INFO: Starting scraping with configuration: Configuration(kubernetes_docs_base_url='https://kubernetes.io/docs', kubernetes_changelog_base_url='https://raw.githubusercontent.com/kubernetes/kubernetes/refs/heads/master/CHANGELOG/CHANGELOG-{major}.{minor}.md', output_dir='./output', max_links_to_process=-1, sections=[])
2025-04-11 21:16:31,632 - INFO: Total pages processed: 0
2025-04-11 21:16:31,632 - INFO: Failed links: 0
2025-04-11 21:16:37,550 - INFO: Starting scraping with configuration: Configuration(kubernetes_docs_base_url='https://kubernetes.io/docs', kubernetes_changelog_base_url='https://raw.githubusercontent.com/kubernetes/kubernetes/refs/heads/master/CHANGELOG/CHANGELOG-{major}.{minor}.md', output_dir='./output', max_links_to_process=-1, sections=[])
2025-04-11 21:16:37,551 - INFO: Total pages processed: 0
2025-04-11 21:16:37,551 - INFO: Failed links: 0
2025-04-11 21:17:17,256 - INFO: Starting scraping with configuration: Configuration(kubernetes_docs_base_url='https://kubernetes.io/docs', kubernetes_changelog_base_url='https://raw.githubusercontent.com/kubernetes/kubernetes/refs/heads/master/CHANGELOG/CHANGELOG-{major}.{minor}.md', output_dir='./output', max_links_to_process=-1, sections=[])
2025-04-11 21:17:17,256 - INFO: Total pages processed: 0
2025-04-11 21:17:17,257 - INFO: Failed links: 0
2025-04-11 21:17:29,761 - INFO: Starting scraping with configuration: Configuration(kubernetes_docs_base_url='https://kubernetes.io/docs', kubernetes_changelog_base_url='https://raw.githubusercontent.com/kubernetes/kubernetes/refs/heads/master/CHANGELOG/CHANGELOG-{major}.{minor}.md', output_dir='./output', max_links_to_process=-1, sections=[])
2025-04-11 21:17:29,761 - INFO: Total pages processed: 0
2025-04-11 21:17:29,761 - INFO: Failed links: 0
2025-04-11 21:20:23,644 - INFO: Starting scraping with configuration: Configuration(kubernetes_docs_base_url='https://kubernetes.io/docs', kubernetes_changelog_base_url='https://raw.githubusercontent.com/kubernetes/kubernetes/refs/heads/master/CHANGELOG/CHANGELOG-{major}.{minor}.md', output_dir='./output', max_links_to_process=-1, sections=[])
2025-04-11 21:20:23,644 - INFO: Total pages processed: 0
2025-04-11 21:20:23,644 - INFO: Failed links: 0
2025-04-11 21:21:04,668 - INFO: Starting scraping with configuration: Configuration(kubernetes_docs_base_url='https://kubernetes.io/docs', kubernetes_changelog_base_url='https://raw.githubusercontent.com/kubernetes/kubernetes/refs/heads/master/CHANGELOG/CHANGELOG-{major}.{minor}.md', output_dir='./output', max_links_to_process=-1, sections=[])
2025-04-11 21:21:04,668 - INFO: Total pages processed: 0
2025-04-11 21:21:04,668 - INFO: Failed links: 0
2025-04-11 21:24:06,437 - INFO: Starting scraping with configuration: Configuration(kubernetes_docs_base_url='https://kubernetes.io/docs', kubernetes_changelog_base_url='https://raw.githubusercontent.com/kubernetes/kubernetes/refs/heads/master/CHANGELOG/CHANGELOG-{major}.{minor}.md', output_dir='./output', max_links_to_process=-1, sections=[])
2025-04-11 21:24:06,437 - INFO: Total pages processed: 0
2025-04-11 21:24:06,437 - INFO: Failed links: 0
2025-04-11 21:24:16,894 - INFO: Starting scraping with configuration: Configuration(kubernetes_docs_base_url='https://kubernetes.io/docs', kubernetes_changelog_base_url='https://raw.githubusercontent.com/kubernetes/kubernetes/refs/heads/master/CHANGELOG/CHANGELOG-{major}.{minor}.md', output_dir='./output', max_links_to_process=-1, sections=[])
2025-04-11 21:24:16,894 - INFO: Total pages processed: 0
2025-04-11 21:24:16,894 - INFO: Failed links: 0
2025-04-12 13:54:06,652 - INFO: Starting scraping with configuration: Configuration(kubernetes_docs_base_url='https://kubernetes.io/docs', kubernetes_changelog_base_url='https://raw.githubusercontent.com/kubernetes/kubernetes/refs/heads/master/CHANGELOG/CHANGELOG-{major}.{minor}.md', output_dir='./output', max_links_to_process=4, sections=['tutorials'])
2025-04-12 13:54:06,653 - INFO: Scraping section: tutorials from https://kubernetes.io/docs/tutorials/
2025-04-12 13:54:06,863 - INFO: Found 4 links to process for section: tutorials
2025-04-12 13:54:23,873 - INFO: Starting scraping with configuration: Configuration(kubernetes_docs_base_url='https://kubernetes.io/docs', kubernetes_changelog_base_url='https://raw.githubusercontent.com/kubernetes/kubernetes/refs/heads/master/CHANGELOG/CHANGELOG-{major}.{minor}.md', output_dir='./output', max_links_to_process=4, sections=['tutorials'])
2025-04-12 13:54:23,873 - INFO: Scraping section: tutorials from https://kubernetes.io/docs/tutorials/
2025-04-12 13:54:24,063 - INFO: Found 4 links to process for section: tutorials
2025-04-12 13:54:24,877 - INFO: Completed scraping section: tutorials. Processed 4 links with 0 failures.
2025-04-12 13:54:24,877 - INFO: Total pages processed: 4
2025-04-12 13:54:24,877 - INFO: Failed links: 0
2025-04-12 14:01:21,659 - INFO: Starting scraping with configuration: Configuration(kubernetes_docs_base_url='https://kubernetes.io/docs', kubernetes_changelog_base_url='https://raw.githubusercontent.com/kubernetes/kubernetes/refs/heads/master/CHANGELOG/CHANGELOG-{major}.{minor}.md', output_dir='./output', max_links_to_process=4, sections=['tutorials'])
2025-04-12 14:01:21,659 - INFO: Scraping section: tutorials from https://kubernetes.io/docs/tutorials/
2025-04-12 14:01:21,838 - INFO: Found 4 links to process for section: tutorials
2025-04-12 14:01:22,135 - INFO: Completed scraping section: tutorials. Processed 4 links with 0 failures.
2025-04-12 14:01:22,135 - INFO: Total pages processed: 4
2025-04-12 14:01:22,135 - INFO: Failed links: 0
2025-04-12 14:19:04,017 - INFO: Starting scraping with configuration: Configuration(kubernetes_docs_base_url='https://kubernetes.io/docs', kubernetes_changelog_base_url='https://raw.githubusercontent.com/kubernetes/kubernetes/refs/heads/master/CHANGELOG/CHANGELOG-{major}.{minor}.md', output_dir='./output', max_links_to_process=4, sections=['tutorials'])
2025-04-12 14:19:04,030 - INFO: Scraping section: tutorials from https://kubernetes.io/docs/tutorials/
2025-04-12 14:19:04,204 - ERROR: Unexpected error processing https://kubernetes.io/docs/tutorials/: Couldn't find a tree builder with the features you requested: lxml. Do you need to install a parser library?
2025-04-12 14:19:04,204 - ERROR: Failed to fetch main page https://kubernetes.io/docs/tutorials/
2025-04-12 14:19:04,204 - INFO: Total pages processed: 0
2025-04-12 14:19:04,204 - INFO: Failed links: 0
2025-04-12 14:19:42,740 - INFO: Starting scraping with configuration: Configuration(kubernetes_docs_base_url='https://kubernetes.io/docs', kubernetes_changelog_base_url='https://raw.githubusercontent.com/kubernetes/kubernetes/refs/heads/master/CHANGELOG/CHANGELOG-{major}.{minor}.md', output_dir='./output', max_links_to_process=4, sections=['tutorials'])
2025-04-12 14:19:42,743 - INFO: Scraping section: tutorials from https://kubernetes.io/docs/tutorials/
2025-04-12 14:19:42,880 - ERROR: Unexpected error processing https://kubernetes.io/docs/tutorials/: Couldn't find a tree builder with the features you requested: lxml. Do you need to install a parser library?
2025-04-12 14:19:42,880 - ERROR: Failed to fetch main page https://kubernetes.io/docs/tutorials/
2025-04-12 14:19:42,880 - INFO: Total pages processed: 0
2025-04-12 14:19:42,880 - INFO: Failed links: 0
2025-04-12 14:19:59,980 - INFO: Starting scraping with configuration: Configuration(kubernetes_docs_base_url='https://kubernetes.io/docs', kubernetes_changelog_base_url='https://raw.githubusercontent.com/kubernetes/kubernetes/refs/heads/master/CHANGELOG/CHANGELOG-{major}.{minor}.md', output_dir='./output', max_links_to_process=4, sections=['tutorials'])
2025-04-12 14:19:59,985 - INFO: Scraping section: tutorials from https://kubernetes.io/docs/tutorials/
2025-04-12 14:20:00,124 - ERROR: Unexpected error processing https://kubernetes.io/docs/tutorials/: Couldn't find a tree builder with the features you requested: lxml. Do you need to install a parser library?
2025-04-12 14:20:00,124 - ERROR: Failed to fetch main page https://kubernetes.io/docs/tutorials/
2025-04-12 14:20:00,124 - INFO: Total pages processed: 0
2025-04-12 14:20:00,124 - INFO: Failed links: 0
2025-04-12 14:20:02,182 - INFO: Starting scraping with configuration: Configuration(kubernetes_docs_base_url='https://kubernetes.io/docs', kubernetes_changelog_base_url='https://raw.githubusercontent.com/kubernetes/kubernetes/refs/heads/master/CHANGELOG/CHANGELOG-{major}.{minor}.md', output_dir='./output', max_links_to_process=4, sections=['tutorials'])
2025-04-12 14:20:02,184 - INFO: Scraping section: tutorials from https://kubernetes.io/docs/tutorials/
2025-04-12 14:20:02,333 - ERROR: Unexpected error processing https://kubernetes.io/docs/tutorials/: Couldn't find a tree builder with the features you requested: lxml. Do you need to install a parser library?
2025-04-12 14:20:02,333 - ERROR: Failed to fetch main page https://kubernetes.io/docs/tutorials/
2025-04-12 14:20:02,333 - INFO: Total pages processed: 0
2025-04-12 14:20:02,333 - INFO: Failed links: 0
2025-04-12 14:20:12,411 - INFO: Starting scraping with configuration: Configuration(kubernetes_docs_base_url='https://kubernetes.io/docs', kubernetes_changelog_base_url='https://raw.githubusercontent.com/kubernetes/kubernetes/refs/heads/master/CHANGELOG/CHANGELOG-{major}.{minor}.md', output_dir='./output', max_links_to_process=-1, sections=['tutorials'])
2025-04-12 14:20:12,413 - INFO: Scraping section: tutorials from https://kubernetes.io/docs/tutorials/
2025-04-12 14:20:12,559 - ERROR: Unexpected error processing https://kubernetes.io/docs/tutorials/: Couldn't find a tree builder with the features you requested: lxml. Do you need to install a parser library?
2025-04-12 14:20:12,559 - ERROR: Failed to fetch main page https://kubernetes.io/docs/tutorials/
2025-04-12 14:20:12,559 - INFO: Total pages processed: 0
2025-04-12 14:20:12,559 - INFO: Failed links: 0
2025-04-12 14:20:33,250 - INFO: Starting scraping with configuration: Configuration(kubernetes_docs_base_url='https://kubernetes.io/docs', kubernetes_changelog_base_url='https://raw.githubusercontent.com/kubernetes/kubernetes/refs/heads/master/CHANGELOG/CHANGELOG-{major}.{minor}.md', output_dir='./output', max_links_to_process=-1, sections=['tutorials'])
2025-04-12 14:20:33,253 - INFO: Scraping section: tutorials from https://kubernetes.io/docs/tutorials/
2025-04-12 14:20:33,395 - ERROR: Unexpected error processing https://kubernetes.io/docs/tutorials/: Couldn't find a tree builder with the features you requested: lxml. Do you need to install a parser library?
2025-04-12 14:20:33,395 - ERROR: Failed to fetch main page https://kubernetes.io/docs/tutorials/
2025-04-12 14:20:33,395 - INFO: Total pages processed: 0
2025-04-12 14:20:33,395 - INFO: Failed links: 0
2025-04-12 14:21:11,451 - INFO: Starting scraping with configuration: Configuration(kubernetes_docs_base_url='https://kubernetes.io/docs', kubernetes_changelog_base_url='https://raw.githubusercontent.com/kubernetes/kubernetes/refs/heads/master/CHANGELOG/CHANGELOG-{major}.{minor}.md', output_dir='./output', max_links_to_process=-1, sections=['tutorials'])
2025-04-12 14:21:11,454 - INFO: Scraping section: tutorials from https://kubernetes.io/docs/tutorials/
2025-04-12 14:21:11,591 - ERROR: Unexpected error processing https://kubernetes.io/docs/tutorials/: Couldn't find a tree builder with the features you requested: lxml. Do you need to install a parser library?
2025-04-12 14:21:11,591 - ERROR: Failed to fetch main page https://kubernetes.io/docs/tutorials/
2025-04-12 14:21:11,591 - INFO: Total pages processed: 0
2025-04-12 14:21:11,591 - INFO: Failed links: 0
2025-04-12 14:21:28,618 - INFO: Starting scraping with configuration: Configuration(kubernetes_docs_base_url='https://kubernetes.io/docs', kubernetes_changelog_base_url='https://raw.githubusercontent.com/kubernetes/kubernetes/refs/heads/master/CHANGELOG/CHANGELOG-{major}.{minor}.md', output_dir='./output', max_links_to_process=-1, sections=['tutorials'])
2025-04-12 14:21:28,622 - INFO: Scraping section: tutorials from https://kubernetes.io/docs/tutorials/
2025-04-12 14:21:28,767 - ERROR: Unexpected error processing https://kubernetes.io/docs/tutorials/: Couldn't find a tree builder with the features you requested: lxml. Do you need to install a parser library?
2025-04-12 14:21:28,767 - ERROR: Failed to fetch main page https://kubernetes.io/docs/tutorials/
2025-04-12 14:21:28,767 - INFO: Total pages processed: 0
2025-04-12 14:21:28,767 - INFO: Failed links: 0
2025-04-12 14:21:36,924 - INFO: Starting scraping with configuration: Configuration(kubernetes_docs_base_url='https://kubernetes.io/docs', kubernetes_changelog_base_url='https://raw.githubusercontent.com/kubernetes/kubernetes/refs/heads/master/CHANGELOG/CHANGELOG-{major}.{minor}.md', output_dir='./output', max_links_to_process=-1, sections=['tutorials'])
2025-04-12 14:21:36,926 - INFO: Scraping section: tutorials from https://kubernetes.io/docs/tutorials/
2025-04-12 14:21:37,073 - ERROR: Unexpected error processing https://kubernetes.io/docs/tutorials/: Couldn't find a tree builder with the features you requested: lxml. Do you need to install a parser library?
2025-04-12 14:21:37,073 - ERROR: Failed to fetch main page https://kubernetes.io/docs/tutorials/
2025-04-12 14:21:37,073 - INFO: Total pages processed: 0
2025-04-12 14:21:37,073 - INFO: Failed links: 0
2025-04-12 14:21:46,011 - INFO: Starting scraping with configuration: Configuration(kubernetes_docs_base_url='https://kubernetes.io/docs', kubernetes_changelog_base_url='https://raw.githubusercontent.com/kubernetes/kubernetes/refs/heads/master/CHANGELOG/CHANGELOG-{major}.{minor}.md', output_dir='./output', max_links_to_process=-1, sections=['tutorials'])
2025-04-12 14:21:46,013 - INFO: Scraping section: tutorials from https://kubernetes.io/docs/tutorials/
2025-04-12 14:21:46,148 - ERROR: Unexpected error processing https://kubernetes.io/docs/tutorials/: Couldn't find a tree builder with the features you requested: lxml. Do you need to install a parser library?
2025-04-12 14:21:46,148 - ERROR: Failed to fetch main page https://kubernetes.io/docs/tutorials/
2025-04-12 14:21:46,149 - INFO: Total pages processed: 0
2025-04-12 14:21:46,149 - INFO: Failed links: 0
2025-04-12 14:21:55,489 - INFO: Starting scraping with configuration: Configuration(kubernetes_docs_base_url='https://kubernetes.io/docs', kubernetes_changelog_base_url='https://raw.githubusercontent.com/kubernetes/kubernetes/refs/heads/master/CHANGELOG/CHANGELOG-{major}.{minor}.md', output_dir='./output', max_links_to_process=-1, sections=['tutorials'])
2025-04-12 14:21:55,491 - INFO: Scraping section: tutorials from https://kubernetes.io/docs/tutorials/
2025-04-12 14:21:55,639 - ERROR: Unexpected error processing https://kubernetes.io/docs/tutorials/: Couldn't find a tree builder with the features you requested: lxml. Do you need to install a parser library?
2025-04-12 14:21:55,639 - ERROR: Failed to fetch main page https://kubernetes.io/docs/tutorials/
2025-04-12 14:21:55,639 - INFO: Total pages processed: 0
2025-04-12 14:21:55,639 - INFO: Failed links: 0
2025-04-12 14:22:29,085 - INFO: Starting scraping with configuration: Configuration(kubernetes_docs_base_url='https://kubernetes.io/docs', kubernetes_changelog_base_url='https://raw.githubusercontent.com/kubernetes/kubernetes/refs/heads/master/CHANGELOG/CHANGELOG-{major}.{minor}.md', output_dir='./output', max_links_to_process=-1, sections=['tutorials'])
2025-04-12 14:22:29,094 - INFO: Scraping section: tutorials from https://kubernetes.io/docs/tutorials/
2025-04-12 14:22:29,235 - ERROR: Unexpected error processing https://kubernetes.io/docs/tutorials/: Couldn't find a tree builder with the features you requested: lxml. Do you need to install a parser library?
2025-04-12 14:22:29,235 - ERROR: Failed to fetch main page https://kubernetes.io/docs/tutorials/
2025-04-12 14:22:29,235 - INFO: Total pages processed: 0
2025-04-12 14:22:29,235 - INFO: Failed links: 0
2025-04-12 14:22:42,934 - INFO: Starting scraping with configuration: Configuration(kubernetes_docs_base_url='https://kubernetes.io/docs', kubernetes_changelog_base_url='https://raw.githubusercontent.com/kubernetes/kubernetes/refs/heads/master/CHANGELOG/CHANGELOG-{major}.{minor}.md', output_dir='./output', max_links_to_process=-1, sections=['tutorials'])
2025-04-12 14:22:42,937 - INFO: Scraping section: tutorials from https://kubernetes.io/docs/tutorials/
2025-04-12 14:22:43,085 - ERROR: Unexpected error processing https://kubernetes.io/docs/tutorials/: Couldn't find a tree builder with the features you requested: lxml. Do you need to install a parser library?
2025-04-12 14:22:43,085 - ERROR: Failed to fetch main page https://kubernetes.io/docs/tutorials/
2025-04-12 14:22:43,085 - INFO: Total pages processed: 0
2025-04-12 14:22:43,085 - INFO: Failed links: 0
2025-04-12 14:23:17,494 - INFO: Starting scraping with configuration: Configuration(kubernetes_docs_base_url='https://kubernetes.io/docs', kubernetes_changelog_base_url='https://raw.githubusercontent.com/kubernetes/kubernetes/refs/heads/master/CHANGELOG/CHANGELOG-{major}.{minor}.md', output_dir='./output', max_links_to_process=4, sections=['tutorials'])
2025-04-12 14:23:17,498 - INFO: Scraping section: tutorials from https://kubernetes.io/docs/tutorials/
2025-04-12 14:23:17,703 - INFO: Found 4 links to process for section: tutorials
2025-04-12 14:23:19,106 - INFO: Completed scraping section: tutorials. Processed 4 links with 0 failures.
2025-04-12 14:23:19,106 - INFO: Total pages processed: 4
2025-04-12 14:23:19,106 - INFO: Failed links: 0
2025-04-12 14:36:38,125 - INFO: Starting scraping with configuration: Configuration(kubernetes_docs_base_url='https://kubernetes.io/docs', kubernetes_changelog_base_url='https://raw.githubusercontent.com/kubernetes/kubernetes/refs/heads/master/CHANGELOG/CHANGELOG-{major}.{minor}.md', output_dir='./output', max_links_to_process=4, sections=['tutorials'])
2025-04-12 14:37:04,124 - INFO: Request GET /repos/aws/aws-eks-best-practices/contents/content/networking/sgpp/index.md failed with 403: rate limit exceeded
2025-04-12 14:37:04,126 - INFO: Setting next backoff to 1878.873956s
2025-04-12 14:41:47,512 - INFO: Starting scraping with configuration: Configuration(kubernetes_docs_base_url='https://kubernetes.io/docs', kubernetes_changelog_base_url='https://raw.githubusercontent.com/kubernetes/kubernetes/refs/heads/master/CHANGELOG/CHANGELOG-{major}.{minor}.md', output_dir='./output', max_links_to_process=4, sections=['tutorials'])
2025-04-12 14:45:09,391 - INFO: Starting scraping with configuration: Configuration(kubernetes_docs_base_url='https://kubernetes.io/docs', kubernetes_changelog_base_url='https://raw.githubusercontent.com/kubernetes/kubernetes/refs/heads/master/CHANGELOG/CHANGELOG-{major}.{minor}.md', output_dir='./output', max_links_to_process=4, sections=['tutorials'])
2025-04-12 14:47:10,952 - INFO: Starting scraping with configuration: Configuration(kubernetes_docs_base_url='https://kubernetes.io/docs', kubernetes_changelog_base_url='https://raw.githubusercontent.com/kubernetes/kubernetes/refs/heads/master/CHANGELOG/CHANGELOG-{major}.{minor}.md', output_dir='./output', max_links_to_process=-1, sections=['tutorials'])
2025-04-12 14:47:10,956 - INFO: Scraping section: tutorials from https://kubernetes.io/docs/tutorials/
2025-04-12 14:47:11,141 - INFO: Found 39 links to process for section: tutorials
2025-04-12 14:47:20,913 - INFO: Completed scraping section: tutorials. Processed 39 links with 0 failures.
2025-04-12 14:47:20,913 - INFO: Total pages processed: 39
2025-04-12 14:47:20,913 - INFO: Failed links: 0
2025-04-12 14:50:28,844 - INFO: Starting scraping with configuration: Configuration(kubernetes_docs_base_url='https://kubernetes.io/docs', kubernetes_changelog_base_url='https://raw.githubusercontent.com/kubernetes/kubernetes/refs/heads/master/CHANGELOG/CHANGELOG-{major}.{minor}.md', output_dir='./output', max_links_to_process=-1, sections=['tutorials'])
2025-04-12 14:50:28,844 - INFO: Scraping section: tutorials from https://kubernetes.io/docs/tutorials/
2025-04-12 14:50:29,062 - INFO: Found 39 links to process for section: tutorials
2025-04-12 14:50:32,564 - INFO: Completed scraping section: tutorials. Processed 39 links with 0 failures.
2025-04-12 14:50:32,565 - INFO: Total pages processed: 39
2025-04-12 14:50:32,565 - INFO: Failed links: 0
2025-04-12 14:50:32,961 - INFO: Downloading https://raw.githubusercontent.com/kubernetes/kubernetes/refs/heads/master/CHANGELOG/CHANGELOG-1.32.md
2025-04-12 14:50:33,111 - INFO: Downloading https://raw.githubusercontent.com/kubernetes/kubernetes/refs/heads/master/CHANGELOG/CHANGELOG-1.31.md
2025-04-12 14:50:33,138 - INFO: Downloading https://raw.githubusercontent.com/kubernetes/kubernetes/refs/heads/master/CHANGELOG/CHANGELOG-1.30.md
2025-04-12 14:50:33,163 - INFO: Downloading https://raw.githubusercontent.com/kubernetes/kubernetes/refs/heads/master/CHANGELOG/CHANGELOG-1.29.md
2025-04-12 14:50:33,193 - INFO: Downloading https://raw.githubusercontent.com/kubernetes/kubernetes/refs/heads/master/CHANGELOG/CHANGELOG-1.28.md
2025-04-12 14:50:33,262 - INFO: Downloading https://raw.githubusercontent.com/kubernetes/kubernetes/refs/heads/master/CHANGELOG/CHANGELOG-1.27.md
2025-04-12 14:50:33,290 - INFO: Downloading https://raw.githubusercontent.com/kubernetes/kubernetes/refs/heads/master/CHANGELOG/CHANGELOG-1.26.md
2025-04-12 14:50:33,316 - INFO: Downloading https://raw.githubusercontent.com/kubernetes/kubernetes/refs/heads/master/CHANGELOG/CHANGELOG-1.25.md
2025-04-12 14:50:33,340 - INFO: Downloading https://raw.githubusercontent.com/kubernetes/kubernetes/refs/heads/master/CHANGELOG/CHANGELOG-1.24.md
2025-04-12 14:50:33,366 - INFO: Downloading https://raw.githubusercontent.com/kubernetes/kubernetes/refs/heads/master/CHANGELOG/CHANGELOG-1.23.md
2025-04-12 14:50:33,391 - INFO: Downloading https://raw.githubusercontent.com/kubernetes/kubernetes/refs/heads/master/CHANGELOG/CHANGELOG-1.22.md
2025-04-12 14:50:33,418 - INFO: Downloading https://raw.githubusercontent.com/kubernetes/kubernetes/refs/heads/master/CHANGELOG/CHANGELOG-1.21.md
2025-04-12 14:50:33,444 - INFO: Downloading https://raw.githubusercontent.com/kubernetes/kubernetes/refs/heads/master/CHANGELOG/CHANGELOG-1.20.md
2025-04-12 14:50:33,470 - INFO: Downloading https://raw.githubusercontent.com/kubernetes/kubernetes/refs/heads/master/CHANGELOG/CHANGELOG-1.19.md
2025-04-12 14:50:33,498 - INFO: Downloading https://raw.githubusercontent.com/kubernetes/kubernetes/refs/heads/master/CHANGELOG/CHANGELOG-1.18.md
2025-04-12 14:50:33,524 - INFO: Downloading https://raw.githubusercontent.com/kubernetes/kubernetes/refs/heads/master/CHANGELOG/CHANGELOG-1.17.md
2025-04-12 14:50:33,550 - INFO: Downloading https://raw.githubusercontent.com/kubernetes/kubernetes/refs/heads/master/CHANGELOG/CHANGELOG-1.16.md
2025-04-12 14:50:33,575 - INFO: Downloading https://raw.githubusercontent.com/kubernetes/kubernetes/refs/heads/master/CHANGELOG/CHANGELOG-1.15.md
2025-04-12 14:50:33,602 - INFO: Downloading https://raw.githubusercontent.com/kubernetes/kubernetes/refs/heads/master/CHANGELOG/CHANGELOG-1.14.md
2025-04-12 14:50:33,626 - INFO: Downloading https://raw.githubusercontent.com/kubernetes/kubernetes/refs/heads/master/CHANGELOG/CHANGELOG-1.13.md
2025-04-12 14:50:33,652 - INFO: Downloading https://raw.githubusercontent.com/kubernetes/kubernetes/refs/heads/master/CHANGELOG/CHANGELOG-1.12.md
2025-04-12 14:50:33,679 - INFO: Downloading https://raw.githubusercontent.com/kubernetes/kubernetes/refs/heads/master/CHANGELOG/CHANGELOG-1.11.md
2025-04-12 14:50:33,705 - INFO: Downloading https://raw.githubusercontent.com/kubernetes/kubernetes/refs/heads/master/CHANGELOG/CHANGELOG-1.10.md
2025-04-12 14:50:33,730 - INFO: Downloading https://raw.githubusercontent.com/kubernetes/kubernetes/refs/heads/master/CHANGELOG/CHANGELOG-1.9.md
2025-04-12 14:52:07,352 - INFO: Starting scraping with configuration: Configuration(kubernetes_docs_base_url='https://kubernetes.io/docs', kubernetes_changelog_base_url='https://raw.githubusercontent.com/kubernetes/kubernetes/refs/heads/master/CHANGELOG/CHANGELOG-{major}.{minor}.md', output_dir='./output', max_links_to_process=-1, sections=['tutorials'])
2025-04-12 14:52:53,156 - INFO: Starting scraping with configuration: Configuration(kubernetes_docs_base_url='https://kubernetes.io/docs', kubernetes_changelog_base_url='https://raw.githubusercontent.com/kubernetes/kubernetes/refs/heads/master/CHANGELOG/CHANGELOG-{major}.{minor}.md', output_dir='./output', max_links_to_process=-1, sections=['tutorials'])
2025-04-12 14:53:13,252 - INFO: Starting scraping with configuration: Configuration(kubernetes_docs_base_url='https://kubernetes.io/docs', kubernetes_changelog_base_url='https://raw.githubusercontent.com/kubernetes/kubernetes/refs/heads/master/CHANGELOG/CHANGELOG-{major}.{minor}.md', output_dir='./output', max_links_to_process=-1, sections=['tutorials'])
2025-04-12 15:07:04,946 - INFO: Starting scraping with configuration: Configuration(kubernetes_docs_base_url='https://kubernetes.io/docs', kubernetes_changelog_base_url='https://raw.githubusercontent.com/kubernetes/kubernetes/refs/heads/master/CHANGELOG/CHANGELOG-{major}.{minor}.md', output_dir='./output', max_links_to_process=-1, sections=['tutorials'])
2025-04-12 15:21:22,220 - INFO: Starting scraping with configuration: Configuration(kubernetes_docs_base_url='https://kubernetes.io/docs', kubernetes_changelog_base_url='https://raw.githubusercontent.com/kubernetes/kubernetes/refs/heads/master/CHANGELOG/CHANGELOG-{major}.{minor}.md', output_dir='./output', max_links_to_process=-1, sections=['tutorials'])
2025-04-12 15:21:36,972 - INFO: Starting scraping with configuration: Configuration(kubernetes_docs_base_url='https://kubernetes.io/docs', kubernetes_changelog_base_url='https://raw.githubusercontent.com/kubernetes/kubernetes/refs/heads/master/CHANGELOG/CHANGELOG-{major}.{minor}.md', output_dir='./output', max_links_to_process=-1, sections=['tutorials'])
2025-04-12 15:21:37,397 - INFO: Latest version: 1.32 (major: 1, minor: 32)
2025-04-12 15:21:37,418 - INFO: Downloading https://raw.githubusercontent.com/kubernetes/kubernetes/refs/heads/master/CHANGELOG/CHANGELOG-1.32.md
2025-04-12 15:21:37,681 - INFO: Downloading https://raw.githubusercontent.com/kubernetes/kubernetes/refs/heads/master/CHANGELOG/CHANGELOG-1.31.md
2025-04-12 15:21:37,849 - INFO: Downloading https://raw.githubusercontent.com/kubernetes/kubernetes/refs/heads/master/CHANGELOG/CHANGELOG-1.30.md
2025-04-12 15:21:38,024 - INFO: Downloading https://raw.githubusercontent.com/kubernetes/kubernetes/refs/heads/master/CHANGELOG/CHANGELOG-1.29.md
2025-04-12 15:21:38,211 - INFO: Downloading https://raw.githubusercontent.com/kubernetes/kubernetes/refs/heads/master/CHANGELOG/CHANGELOG-1.28.md
2025-04-12 15:21:38,383 - INFO: Downloading https://raw.githubusercontent.com/kubernetes/kubernetes/refs/heads/master/CHANGELOG/CHANGELOG-1.27.md
2025-04-12 15:21:38,547 - INFO: Downloading https://raw.githubusercontent.com/kubernetes/kubernetes/refs/heads/master/CHANGELOG/CHANGELOG-1.26.md
2025-04-12 15:21:38,708 - INFO: Downloading https://raw.githubusercontent.com/kubernetes/kubernetes/refs/heads/master/CHANGELOG/CHANGELOG-1.25.md
2025-04-12 15:21:38,886 - INFO: Downloading https://raw.githubusercontent.com/kubernetes/kubernetes/refs/heads/master/CHANGELOG/CHANGELOG-1.24.md
2025-04-12 15:21:39,062 - INFO: Downloading https://raw.githubusercontent.com/kubernetes/kubernetes/refs/heads/master/CHANGELOG/CHANGELOG-1.23.md
2025-04-12 15:21:39,242 - INFO: Downloading https://raw.githubusercontent.com/kubernetes/kubernetes/refs/heads/master/CHANGELOG/CHANGELOG-1.22.md
2025-04-12 15:21:39,392 - INFO: Downloading https://raw.githubusercontent.com/kubernetes/kubernetes/refs/heads/master/CHANGELOG/CHANGELOG-1.21.md
2025-04-12 15:21:39,586 - INFO: Downloading https://raw.githubusercontent.com/kubernetes/kubernetes/refs/heads/master/CHANGELOG/CHANGELOG-1.20.md
2025-04-12 15:21:39,742 - INFO: Downloading https://raw.githubusercontent.com/kubernetes/kubernetes/refs/heads/master/CHANGELOG/CHANGELOG-1.19.md
2025-04-12 15:21:39,906 - INFO: Downloading https://raw.githubusercontent.com/kubernetes/kubernetes/refs/heads/master/CHANGELOG/CHANGELOG-1.18.md
2025-04-12 15:21:40,072 - INFO: Downloading https://raw.githubusercontent.com/kubernetes/kubernetes/refs/heads/master/CHANGELOG/CHANGELOG-1.17.md
2025-04-12 15:21:40,230 - INFO: Downloading https://raw.githubusercontent.com/kubernetes/kubernetes/refs/heads/master/CHANGELOG/CHANGELOG-1.16.md
2025-04-12 15:21:40,412 - INFO: Downloading https://raw.githubusercontent.com/kubernetes/kubernetes/refs/heads/master/CHANGELOG/CHANGELOG-1.15.md
2025-04-12 15:21:40,578 - INFO: Downloading https://raw.githubusercontent.com/kubernetes/kubernetes/refs/heads/master/CHANGELOG/CHANGELOG-1.14.md
2025-04-12 15:21:40,783 - INFO: Downloading https://raw.githubusercontent.com/kubernetes/kubernetes/refs/heads/master/CHANGELOG/CHANGELOG-1.13.md
2025-04-12 15:21:40,966 - INFO: Downloading https://raw.githubusercontent.com/kubernetes/kubernetes/refs/heads/master/CHANGELOG/CHANGELOG-1.12.md
2025-04-12 15:21:41,151 - INFO: Downloading https://raw.githubusercontent.com/kubernetes/kubernetes/refs/heads/master/CHANGELOG/CHANGELOG-1.11.md
2025-04-12 15:21:41,342 - INFO: Downloading https://raw.githubusercontent.com/kubernetes/kubernetes/refs/heads/master/CHANGELOG/CHANGELOG-1.10.md
2025-04-12 15:21:41,503 - INFO: Downloading https://raw.githubusercontent.com/kubernetes/kubernetes/refs/heads/master/CHANGELOG/CHANGELOG-1.9.md
2025-04-12 15:28:51,499 - INFO: Starting scraping with configuration: Configuration(kubernetes_docs_base_url='https://kubernetes.io/docs', kubernetes_changelog_base_url='https://raw.githubusercontent.com/kubernetes/kubernetes/refs/heads/master/CHANGELOG/CHANGELOG-{major}.{minor}.md', output_dir='./output', max_links_to_process=4, sections=['tutorials'])
2025-04-12 15:28:51,500 - INFO: Scraping section: tutorials from https://kubernetes.io/docs/tutorials/
2025-04-12 15:28:51,713 - INFO: Found 4 links to process for section: tutorials
2025-04-12 15:28:52,741 - INFO: Completed scraping section: tutorials. Processed 4 links with 0 failures.
2025-04-12 15:28:52,741 - INFO: Total pages processed: 4
2025-04-12 15:28:52,741 - INFO: Failed links: 0
2025-04-12 15:28:53,137 - INFO: Latest version: 1.32 (major: 1, minor: 32)
2025-04-12 15:28:53,138 - INFO: Downloading https://raw.githubusercontent.com/kubernetes/kubernetes/refs/heads/master/CHANGELOG/CHANGELOG-1.32.md
2025-04-12 15:28:53,365 - INFO: Downloading https://raw.githubusercontent.com/kubernetes/kubernetes/refs/heads/master/CHANGELOG/CHANGELOG-1.31.md
2025-04-12 15:28:53,519 - INFO: Downloading https://raw.githubusercontent.com/kubernetes/kubernetes/refs/heads/master/CHANGELOG/CHANGELOG-1.30.md
2025-04-12 15:28:53,677 - INFO: Downloading https://raw.githubusercontent.com/kubernetes/kubernetes/refs/heads/master/CHANGELOG/CHANGELOG-1.29.md
2025-04-12 15:28:53,856 - INFO: Downloading https://raw.githubusercontent.com/kubernetes/kubernetes/refs/heads/master/CHANGELOG/CHANGELOG-1.28.md
2025-04-12 15:28:54,029 - INFO: Downloading https://raw.githubusercontent.com/kubernetes/kubernetes/refs/heads/master/CHANGELOG/CHANGELOG-1.27.md
2025-04-12 15:28:54,703 - INFO: Downloading https://raw.githubusercontent.com/kubernetes/kubernetes/refs/heads/master/CHANGELOG/CHANGELOG-1.26.md
2025-04-12 15:28:54,890 - INFO: Downloading https://raw.githubusercontent.com/kubernetes/kubernetes/refs/heads/master/CHANGELOG/CHANGELOG-1.25.md
2025-04-12 15:28:55,052 - INFO: Downloading https://raw.githubusercontent.com/kubernetes/kubernetes/refs/heads/master/CHANGELOG/CHANGELOG-1.24.md
2025-04-12 15:28:55,230 - INFO: Downloading https://raw.githubusercontent.com/kubernetes/kubernetes/refs/heads/master/CHANGELOG/CHANGELOG-1.23.md
2025-04-12 15:28:55,396 - INFO: Downloading https://raw.githubusercontent.com/kubernetes/kubernetes/refs/heads/master/CHANGELOG/CHANGELOG-1.22.md
2025-04-12 15:28:55,562 - INFO: Downloading https://raw.githubusercontent.com/kubernetes/kubernetes/refs/heads/master/CHANGELOG/CHANGELOG-1.21.md
2025-04-12 15:28:55,740 - INFO: Downloading https://raw.githubusercontent.com/kubernetes/kubernetes/refs/heads/master/CHANGELOG/CHANGELOG-1.20.md
2025-04-12 15:28:55,947 - INFO: Downloading https://raw.githubusercontent.com/kubernetes/kubernetes/refs/heads/master/CHANGELOG/CHANGELOG-1.19.md
2025-04-12 15:28:56,123 - INFO: Downloading https://raw.githubusercontent.com/kubernetes/kubernetes/refs/heads/master/CHANGELOG/CHANGELOG-1.18.md
2025-04-12 15:28:56,289 - INFO: Downloading https://raw.githubusercontent.com/kubernetes/kubernetes/refs/heads/master/CHANGELOG/CHANGELOG-1.17.md
2025-04-12 15:28:56,495 - INFO: Downloading https://raw.githubusercontent.com/kubernetes/kubernetes/refs/heads/master/CHANGELOG/CHANGELOG-1.16.md
2025-04-12 15:28:56,672 - INFO: Downloading https://raw.githubusercontent.com/kubernetes/kubernetes/refs/heads/master/CHANGELOG/CHANGELOG-1.15.md
2025-04-12 15:28:56,854 - INFO: Downloading https://raw.githubusercontent.com/kubernetes/kubernetes/refs/heads/master/CHANGELOG/CHANGELOG-1.14.md
2025-04-12 15:28:57,007 - INFO: Downloading https://raw.githubusercontent.com/kubernetes/kubernetes/refs/heads/master/CHANGELOG/CHANGELOG-1.13.md
2025-04-12 15:28:57,163 - INFO: Downloading https://raw.githubusercontent.com/kubernetes/kubernetes/refs/heads/master/CHANGELOG/CHANGELOG-1.12.md
2025-04-12 15:28:57,323 - INFO: Downloading https://raw.githubusercontent.com/kubernetes/kubernetes/refs/heads/master/CHANGELOG/CHANGELOG-1.11.md
2025-04-12 15:28:57,485 - INFO: Downloading https://raw.githubusercontent.com/kubernetes/kubernetes/refs/heads/master/CHANGELOG/CHANGELOG-1.10.md
2025-04-12 15:28:57,643 - INFO: Downloading https://raw.githubusercontent.com/kubernetes/kubernetes/refs/heads/master/CHANGELOG/CHANGELOG-1.9.md
2025-04-12 15:30:18,922 - INFO: Starting scraping with configuration: Configuration(kubernetes_docs_base_url='https://kubernetes.io/docs', kubernetes_changelog_base_url='https://raw.githubusercontent.com/kubernetes/kubernetes/refs/heads/master/CHANGELOG/CHANGELOG-{major}.{minor}.md', output_dir='./output', max_links_to_process=4, sections=['tutorials'])
2025-04-12 15:30:18,922 - INFO: Scraping section: tutorials from https://kubernetes.io/docs/tutorials/
2025-04-12 15:30:19,118 - INFO: Found 4 links to process for section: tutorials
2025-04-12 15:30:19,425 - INFO: Completed scraping section: tutorials. Processed 4 links with 0 failures.
2025-04-12 15:30:19,425 - INFO: Total pages processed: 4
2025-04-12 15:30:19,425 - INFO: Failed links: 0
2025-04-13 08:28:12,736 - INFO: Scraping section: tutorials from https://kubernetes.io/docs/tutorials/
2025-04-13 08:28:12,946 - INFO: Found 2 links to process for section: tutorials
2025-04-13 08:28:13,275 - INFO: Completed scraping section: tutorials. Processed 2 links with 0 failures.
2025-04-13 08:28:13,275 - INFO: Total pages processed: 2
2025-04-13 08:28:13,275 - INFO: Failed links: 0
2025-04-13 08:28:52,514 - INFO: Scraping section: tutorials from https://kubernetes.io/docs/tutorials/
2025-04-13 08:28:52,702 - INFO: Found 2 links to process for section: tutorials
2025-04-13 08:28:53,530 - INFO: Completed scraping section: tutorials. Processed 2 links with 0 failures.
2025-04-13 08:28:53,530 - INFO: Total pages processed: 2
2025-04-13 08:28:53,530 - INFO: Failed links: 0
2025-04-13 08:37:08,088 - INFO: Scraping section: tutorials from https://kubernetes.io/docs/tutorials/
2025-04-13 08:37:08,275 - INFO: Found 2 links to process for section: tutorials
2025-04-13 08:37:08,436 - INFO: Completed scraping section: tutorials. Processed 2 links with 0 failures.
2025-04-13 08:37:08,436 - INFO: Total pages processed: 2
2025-04-13 08:37:08,436 - INFO: Failed links: 0
2025-04-13 08:37:50,149 - INFO: Scraping section: tutorials from https://kubernetes.io/docs/tutorials/
2025-04-13 08:37:50,338 - INFO: Found 2 links to process for section: tutorials
2025-04-13 08:37:50,504 - INFO: Completed scraping section: tutorials. Processed 2 links with 0 failures.
2025-04-13 08:37:50,504 - INFO: Total pages processed: 2
2025-04-13 08:37:50,504 - INFO: Failed links: 0
2025-04-13 08:39:14,114 - INFO: Scraping section: tutorials from https://kubernetes.io/docs/tutorials/
2025-04-13 08:39:14,301 - INFO: Found 2 links to process for section: tutorials
2025-04-13 08:39:14,460 - INFO: Completed scraping section: tutorials. Processed 2 links with 0 failures.
2025-04-13 08:39:14,461 - INFO: Total pages processed: 2
2025-04-13 08:39:14,461 - INFO: Failed links: 0
2025-04-13 08:39:44,184 - INFO: Scraping section: tutorials from https://kubernetes.io/docs/tutorials/
2025-04-13 08:39:44,368 - INFO: Found 2 links to process for section: tutorials
2025-04-13 08:39:44,520 - INFO: Completed scraping section: tutorials. Processed 2 links with 0 failures.
2025-04-13 08:39:44,520 - INFO: Total pages processed: 2
2025-04-13 08:39:44,520 - INFO: Failed links: 0
2025-04-13 08:40:55,557 - INFO: Scraping section: tutorials from https://kubernetes.io/docs/tutorials/
2025-04-13 08:40:55,742 - INFO: Found 2 links to process for section: tutorials
2025-04-13 08:41:53,987 - INFO: Scraping section: tutorials from https://kubernetes.io/docs/tutorials/
2025-04-13 08:41:54,184 - INFO: Found 2 links to process for section: tutorials
2025-04-13 08:41:54,342 - INFO: Completed scraping section: tutorials. Processed 2 links with 0 failures.
2025-04-13 08:41:54,342 - INFO: Total pages processed: 2
2025-04-13 08:41:54,342 - INFO: Failed links: 0
2025-04-13 08:43:03,515 - INFO: Scraping section: tutorials from https://kubernetes.io/docs/tutorials/
2025-04-13 08:43:03,709 - INFO: Found 2 links to process for section: tutorials
2025-04-13 08:43:03,871 - INFO: Completed scraping section: tutorials. Processed 2 links with 0 failures.
2025-04-13 08:43:03,871 - INFO: Total pages processed: 2
2025-04-13 08:43:03,871 - INFO: Failed links: 0
2025-04-13 08:44:30,610 - INFO: Scraping section: tutorials from https://kubernetes.io/docs/tutorials/
2025-04-13 08:44:30,797 - INFO: Found 2 links to process for section: tutorials
2025-04-13 08:44:30,959 - INFO: Completed scraping section: tutorials. Processed 2 links with 0 failures.
2025-04-13 08:44:30,959 - INFO: Total pages processed: 2
2025-04-13 08:44:30,959 - INFO: Failed links: 0
2025-04-13 08:45:42,923 - INFO: Scraping section: tutorials from https://kubernetes.io/docs/tutorials/
2025-04-13 08:45:43,120 - INFO: Found 2 links to process for section: tutorials
2025-04-13 08:45:43,281 - INFO: Completed scraping section: tutorials. Processed 2 links with 0 failures.
2025-04-13 08:45:43,282 - INFO: Total pages processed: 2
2025-04-13 08:45:43,282 - INFO: Failed links: 0
2025-04-13 08:46:05,088 - INFO: Scraping section: tutorials from https://kubernetes.io/docs/tutorials/
2025-04-13 08:46:05,276 - INFO: Found 2 links to process for section: tutorials
2025-04-13 08:46:05,433 - INFO: Completed scraping section: tutorials. Processed 2 links with 0 failures.
2025-04-13 08:46:05,434 - INFO: Total pages processed: 2
2025-04-13 08:46:05,434 - INFO: Failed links: 0
2025-04-13 08:46:26,440 - INFO: Scraping section: tutorials from https://kubernetes.io/docs/tutorials/
2025-04-13 08:46:26,634 - INFO: Found 2 links to process for section: tutorials
2025-04-13 08:46:26,798 - INFO: Completed scraping section: tutorials. Processed 2 links with 0 failures.
2025-04-13 08:46:26,798 - INFO: Total pages processed: 2
2025-04-13 08:46:26,798 - INFO: Failed links: 0
2025-04-13 08:47:22,230 - INFO: Scraping section: tutorials from https://kubernetes.io/docs/tutorials/
2025-04-13 08:47:22,428 - INFO: Found 2 links to process for section: tutorials
2025-04-13 08:47:22,598 - INFO: Completed scraping section: tutorials. Processed 2 links with 0 failures.
2025-04-13 08:47:22,598 - INFO: Total pages processed: 2
2025-04-13 08:47:22,598 - INFO: Failed links: 0
2025-04-13 08:48:40,968 - INFO: Scraping section: tutorials from https://kubernetes.io/docs/tutorials/
2025-04-13 08:48:41,160 - INFO: Found 2 links to process for section: tutorials
2025-04-13 08:48:41,324 - INFO: Completed scraping section: tutorials. Processed 2 links with 0 failures.
2025-04-13 08:48:41,324 - INFO: Total pages processed: 2
2025-04-13 08:48:41,324 - INFO: Failed links: 0
2025-04-13 08:49:41,737 - INFO: Scraping section: tutorials from https://kubernetes.io/docs/tutorials/
2025-04-13 08:49:41,926 - INFO: Found 2 links to process for section: tutorials
2025-04-13 08:49:42,088 - INFO: Completed scraping section: tutorials. Processed 2 links with 0 failures.
2025-04-13 08:49:42,088 - INFO: Total pages processed: 2
2025-04-13 08:49:42,088 - INFO: Failed links: 0
2025-04-13 08:50:16,441 - INFO: Scraping section: tutorials from https://kubernetes.io/docs/tutorials/
2025-04-13 08:50:16,622 - INFO: Found 2 links to process for section: tutorials
2025-04-13 08:50:16,778 - INFO: Completed scraping section: tutorials. Processed 2 links with 0 failures.
2025-04-13 08:50:16,778 - INFO: Total pages processed: 2
2025-04-13 08:50:16,778 - INFO: Failed links: 0
2025-04-13 08:50:52,521 - INFO: Scraping section: tutorials from https://kubernetes.io/docs/tutorials/
2025-04-13 08:50:52,711 - INFO: Found 2 links to process for section: tutorials
2025-04-13 08:50:52,870 - INFO: Completed scraping section: tutorials. Processed 2 links with 0 failures.
2025-04-13 08:50:52,870 - INFO: Total pages processed: 2
2025-04-13 08:50:52,870 - INFO: Failed links: 0
2025-04-13 08:51:08,887 - INFO: Scraping section: tutorials from https://kubernetes.io/docs/tutorials/
2025-04-13 08:51:09,098 - INFO: Found 2 links to process for section: tutorials
2025-04-13 08:51:09,250 - INFO: Completed scraping section: tutorials. Processed 2 links with 0 failures.
2025-04-13 08:51:09,250 - INFO: Total pages processed: 2
2025-04-13 08:51:09,250 - INFO: Failed links: 0
2025-04-13 08:51:37,270 - INFO: Scraping section: tutorials from https://kubernetes.io/docs/tutorials/
2025-04-13 08:51:37,452 - INFO: Found 2 links to process for section: tutorials
2025-04-13 08:51:37,616 - INFO: Completed scraping section: tutorials. Processed 2 links with 0 failures.
2025-04-13 08:51:37,616 - INFO: Total pages processed: 2
2025-04-13 08:51:37,616 - INFO: Failed links: 0
2025-04-13 08:53:19,319 - INFO: Scraping section: tutorials from https://kubernetes.io/docs/tutorials/
2025-04-13 08:53:19,511 - INFO: Found 2 links to process for section: tutorials
2025-04-13 08:53:19,669 - INFO: Completed scraping section: tutorials. Processed 2 links with 0 failures.
2025-04-13 08:53:19,670 - INFO: Total pages processed: 2
2025-04-13 08:53:19,670 - INFO: Failed links: 0
2025-04-13 08:55:43,780 - INFO: Scraping section: tutorials from https://kubernetes.io/docs/tutorials/
2025-04-13 08:55:43,963 - INFO: Found 2 links to process for section: tutorials
2025-04-13 08:55:44,124 - INFO: Completed scraping section: tutorials. Processed 2 links with 0 failures.
2025-04-13 08:55:44,124 - INFO: Total pages processed: 2
2025-04-13 08:55:44,124 - INFO: Failed links: 0
2025-04-13 08:58:11,930 - INFO: Scraping section: tutorials from https://kubernetes.io/docs/tutorials/
2025-04-13 08:58:12,131 - INFO: Found 2 links to process for section: tutorials
2025-04-13 08:58:12,297 - INFO: Completed scraping section: tutorials. Processed 2 links with 0 failures.
2025-04-13 08:58:12,297 - INFO: Total pages processed: 2
2025-04-13 08:58:12,297 - INFO: Failed links: 0
2025-04-13 08:59:34,965 - INFO: Scraping section: tutorials from https://kubernetes.io/docs/tutorials/
2025-04-13 08:59:35,151 - INFO: Found 2 links to process for section: tutorials
2025-04-13 08:59:35,321 - INFO: Completed scraping section: tutorials. Processed 2 links with 0 failures.
2025-04-13 08:59:35,321 - INFO: Total pages processed: 2
2025-04-13 08:59:35,321 - INFO: Failed links: 0
2025-04-13 09:01:38,755 - INFO: Scraping section: tutorials from https://kubernetes.io/docs/tutorials/
2025-04-13 09:01:38,937 - INFO: Found 2 links to process for section: tutorials
2025-04-13 09:01:39,105 - INFO: Completed scraping section: tutorials. Processed 2 links with 0 failures.
2025-04-13 09:01:39,105 - INFO: Total pages processed: 2
2025-04-13 09:01:39,105 - INFO: Failed links: 0
2025-04-13 09:01:57,708 - INFO: Scraping section: tutorials from https://kubernetes.io/docs/tutorials/
2025-04-13 09:01:57,891 - INFO: Found 2 links to process for section: tutorials
2025-04-13 09:01:58,056 - INFO: Completed scraping section: tutorials. Processed 2 links with 0 failures.
2025-04-13 09:01:58,056 - INFO: Total pages processed: 2
2025-04-13 09:01:58,056 - INFO: Failed links: 0
2025-04-13 09:02:19,752 - INFO: Scraping section: tutorials from https://kubernetes.io/docs/tutorials/
2025-04-13 09:02:19,936 - INFO: Found 2 links to process for section: tutorials
2025-04-13 09:02:20,105 - INFO: Completed scraping section: tutorials. Processed 2 links with 0 failures.
2025-04-13 09:02:20,105 - INFO: Total pages processed: 2
2025-04-13 09:02:20,105 - INFO: Failed links: 0
2025-04-13 09:02:47,564 - INFO: Scraping section: tutorials from https://kubernetes.io/docs/tutorials/
2025-04-13 09:02:47,753 - INFO: Found 2 links to process for section: tutorials
2025-04-13 09:02:47,917 - INFO: Completed scraping section: tutorials. Processed 2 links with 0 failures.
2025-04-13 09:02:47,917 - INFO: Total pages processed: 2
2025-04-13 09:02:47,917 - INFO: Failed links: 0
2025-04-13 09:09:52,623 - INFO: Scraping section: tutorials from https://kubernetes.io/docs/tutorials/
2025-04-13 09:09:52,810 - INFO: Found 2 links to process for section: tutorials
2025-04-13 09:09:52,972 - INFO: Completed scraping section: tutorials. Processed 2 links with 0 failures.
2025-04-13 09:09:52,972 - INFO: Total pages processed: 2
2025-04-13 09:09:52,972 - INFO: Failed links: 0
2025-04-13 09:10:26,222 - INFO: Scraping section: tutorials from https://kubernetes.io/docs/tutorials/
2025-04-13 09:10:26,418 - INFO: Found 2 links to process for section: tutorials
2025-04-13 09:10:26,577 - INFO: Completed scraping section: tutorials. Processed 2 links with 0 failures.
2025-04-13 09:10:26,577 - INFO: Total pages processed: 2
2025-04-13 09:10:26,577 - INFO: Failed links: 0
2025-04-13 09:10:35,132 - INFO: Scraping section: tutorials from https://kubernetes.io/docs/tutorials/
2025-04-13 09:10:35,328 - INFO: Found 2 links to process for section: tutorials
2025-04-13 09:10:35,487 - INFO: Completed scraping section: tutorials. Processed 2 links with 0 failures.
2025-04-13 09:10:35,487 - INFO: Total pages processed: 2
2025-04-13 09:10:35,487 - INFO: Failed links: 0
2025-04-13 09:10:41,216 - INFO: Scraping section: tutorials from https://kubernetes.io/docs/tutorials/
2025-04-13 09:10:41,417 - INFO: Found 2 links to process for section: tutorials
2025-04-13 09:10:41,574 - INFO: Completed scraping section: tutorials. Processed 2 links with 0 failures.
2025-04-13 09:10:41,574 - INFO: Total pages processed: 2
2025-04-13 09:10:41,574 - INFO: Failed links: 0
2025-04-13 09:10:53,957 - INFO: Scraping section: tutorials from https://kubernetes.io/docs/tutorials/
2025-04-13 09:10:54,148 - INFO: Found 2 links to process for section: tutorials
2025-04-13 09:10:54,302 - INFO: Completed scraping section: tutorials. Processed 2 links with 0 failures.
2025-04-13 09:10:54,302 - INFO: Total pages processed: 2
2025-04-13 09:10:54,302 - INFO: Failed links: 0
2025-04-13 09:12:41,746 - INFO: Scraping section: tutorials from https://kubernetes.io/docs/tutorials/
2025-04-13 09:12:41,936 - INFO: Found 2 links to process for section: tutorials
2025-04-13 09:12:42,102 - INFO: Completed scraping section: tutorials. Processed 2 links with 0 failures.
2025-04-13 09:12:42,102 - INFO: Total pages processed: 2
2025-04-13 09:12:42,102 - INFO: Failed links: 0
2025-04-13 09:14:01,797 - INFO: Scraping section: tutorials from https://kubernetes.io/docs/tutorials/
2025-04-13 09:14:01,983 - INFO: Found 2 links to process for section: tutorials
2025-04-13 09:14:02,139 - INFO: Completed scraping section: tutorials. Processed 2 links with 0 failures.
2025-04-13 09:14:02,139 - INFO: Total pages processed: 2
2025-04-13 09:14:02,139 - INFO: Failed links: 0
2025-04-13 09:14:29,327 - INFO: Scraping section: tutorials from https://kubernetes.io/docs/tutorials/
2025-04-13 09:14:29,514 - INFO: Found 2 links to process for section: tutorials
2025-04-13 09:14:29,666 - INFO: Completed scraping section: tutorials. Processed 2 links with 0 failures.
2025-04-13 09:14:29,666 - INFO: Total pages processed: 2
2025-04-13 09:14:29,666 - INFO: Failed links: 0
2025-04-13 09:15:35,134 - INFO: Scraping section: tutorials from https://kubernetes.io/docs/tutorials/
2025-04-13 09:15:35,326 - INFO: Found 2 links to process for section: tutorials
2025-04-13 09:15:35,484 - INFO: Completed scraping section: tutorials. Processed 2 links with 0 failures.
2025-04-13 09:15:35,484 - INFO: Total pages processed: 2
2025-04-13 09:15:35,484 - INFO: Failed links: 0
2025-04-13 09:15:56,750 - INFO: Scraping section: tutorials from https://kubernetes.io/docs/tutorials/
2025-04-13 09:15:56,933 - INFO: Found 2 links to process for section: tutorials
2025-04-13 09:15:57,089 - INFO: Completed scraping section: tutorials. Processed 2 links with 0 failures.
2025-04-13 09:15:57,089 - INFO: Total pages processed: 2
2025-04-13 09:15:57,089 - INFO: Failed links: 0
2025-04-13 09:16:31,736 - INFO: Scraping section: tutorials from https://kubernetes.io/docs/tutorials/
2025-04-13 09:16:31,929 - INFO: Found 2 links to process for section: tutorials
2025-04-13 09:16:32,090 - INFO: Completed scraping section: tutorials. Processed 2 links with 0 failures.
2025-04-13 09:16:32,091 - INFO: Total pages processed: 2
2025-04-13 09:16:32,091 - INFO: Failed links: 0
2025-04-13 09:17:28,538 - INFO: Scraping section: tutorials from https://kubernetes.io/docs/tutorials/
2025-04-13 09:17:28,725 - INFO: Found 2 links to process for section: tutorials
2025-04-13 09:17:28,880 - INFO: Completed scraping section: tutorials. Processed 2 links with 0 failures.
2025-04-13 09:17:28,880 - INFO: Total pages processed: 2
2025-04-13 09:17:28,880 - INFO: Failed links: 0
2025-04-13 09:18:01,171 - INFO: Scraping section: tutorials from https://kubernetes.io/docs/tutorials/
2025-04-13 09:18:01,342 - INFO: Found 2 links to process for section: tutorials
2025-04-13 09:18:01,498 - INFO: Completed scraping section: tutorials. Processed 2 links with 0 failures.
2025-04-13 09:18:01,499 - INFO: Total pages processed: 2
2025-04-13 09:18:01,499 - INFO: Failed links: 0
2025-04-13 09:18:59,460 - INFO: Scraping section: tutorials from https://kubernetes.io/docs/tutorials/
2025-04-13 09:18:59,643 - INFO: Found 2 links to process for section: tutorials
2025-04-13 09:18:59,809 - INFO: Completed scraping section: tutorials. Processed 2 links with 0 failures.
2025-04-13 09:18:59,810 - INFO: Total pages processed: 2
2025-04-13 09:18:59,810 - INFO: Failed links: 0
2025-04-13 09:21:56,135 - INFO: Scraping section: tutorials from https://kubernetes.io/docs/tutorials/
2025-04-13 09:21:56,317 - INFO: Found 2 links to process for section: tutorials
2025-04-13 09:21:56,474 - INFO: Completed scraping section: tutorials. Processed 2 links with 0 failures.
2025-04-13 09:21:56,474 - INFO: Total pages processed: 2
2025-04-13 09:21:56,474 - INFO: Failed links: 0
2025-04-13 09:29:02,624 - INFO: Scraping section: tutorials from https://kubernetes.io/docs/tutorials/
2025-04-13 09:29:02,833 - INFO: Found 2 links to process for section: tutorials
2025-04-13 09:29:03,022 - INFO: Completed scraping section: tutorials. Processed 2 links with 0 failures.
2025-04-13 09:29:03,023 - INFO: Total pages processed: 2
2025-04-13 09:29:03,023 - INFO: Failed links: 0
2025-04-13 09:32:18,553 - INFO: Scraping section: tutorials from https://kubernetes.io/docs/tutorials/
2025-04-13 09:32:18,749 - INFO: Found 2 links to process for section: tutorials
2025-04-13 09:32:18,919 - INFO: Completed scraping section: tutorials. Processed 2 links with 0 failures.
2025-04-13 09:32:18,919 - INFO: Total pages processed: 2
2025-04-13 09:32:18,919 - INFO: Failed links: 0
2025-04-13 09:34:31,739 - INFO: Scraping section: tutorials from https://kubernetes.io/docs/tutorials/
2025-04-13 09:34:31,920 - INFO: Found 2 links to process for section: tutorials
2025-04-13 09:34:32,083 - INFO: Completed scraping section: tutorials. Processed 2 links with 0 failures.
2025-04-13 09:34:32,083 - INFO: Total pages processed: 2
2025-04-13 09:34:32,083 - INFO: Failed links: 0
2025-04-13 09:36:36,495 - INFO: Scraping section: tutorials from https://kubernetes.io/docs/tutorials/
2025-04-13 09:36:36,683 - INFO: Found 2 links to process for section: tutorials
2025-04-13 09:36:36,841 - INFO: Completed scraping section: tutorials. Processed 2 links with 0 failures.
2025-04-13 09:36:36,841 - INFO: Total pages processed: 2
2025-04-13 09:36:36,841 - INFO: Failed links: 0
2025-04-13 09:36:49,902 - INFO: Scraping section: tutorials from https://kubernetes.io/docs/tutorials/
2025-04-13 09:36:50,094 - INFO: Found 2 links to process for section: tutorials
2025-04-13 09:36:50,249 - INFO: Completed scraping section: tutorials. Processed 2 links with 0 failures.
2025-04-13 09:36:50,249 - INFO: Total pages processed: 2
2025-04-13 09:36:50,249 - INFO: Failed links: 0
2025-04-13 09:41:57,533 - INFO: Scraping section: tutorials from https://kubernetes.io/docs/tutorials/
2025-04-13 09:41:57,717 - INFO: Found 2 links to process for section: tutorials
2025-04-13 09:41:57,874 - INFO: Completed scraping section: tutorials. Processed 2 links with 0 failures.
2025-04-13 09:41:57,874 - INFO: Total pages processed: 2
2025-04-13 09:41:57,874 - INFO: Failed links: 0
2025-04-13 09:42:02,024 - INFO: Scraping section: tutorials from https://kubernetes.io/docs/tutorials/
2025-04-13 09:42:02,197 - INFO: Found 2 links to process for section: tutorials
2025-04-13 09:42:02,353 - INFO: Completed scraping section: tutorials. Processed 2 links with 0 failures.
2025-04-13 09:42:02,353 - INFO: Total pages processed: 2
2025-04-13 09:42:02,353 - INFO: Failed links: 0
2025-04-13 09:42:26,613 - INFO: Scraping section: tutorials from https://kubernetes.io/docs/tutorials/
2025-04-13 09:42:26,802 - INFO: Found 2 links to process for section: tutorials
2025-04-13 09:42:26,959 - INFO: Completed scraping section: tutorials. Processed 2 links with 0 failures.
2025-04-13 09:42:26,959 - INFO: Total pages processed: 2
2025-04-13 09:42:26,959 - INFO: Failed links: 0
2025-04-13 09:42:31,280 - INFO: Scraping section: tutorials from https://kubernetes.io/docs/tutorials/
2025-04-13 09:42:31,459 - INFO: Found 2 links to process for section: tutorials
2025-04-13 09:42:31,613 - INFO: Completed scraping section: tutorials. Processed 2 links with 0 failures.
2025-04-13 09:42:31,613 - INFO: Total pages processed: 2
2025-04-13 09:42:31,613 - INFO: Failed links: 0
2025-04-13 09:43:27,024 - INFO: Scraping section: tutorials from https://kubernetes.io/docs/tutorials/
2025-04-13 09:43:27,203 - INFO: Found 2 links to process for section: tutorials
2025-04-13 09:43:27,517 - INFO: Completed scraping section: tutorials. Processed 2 links with 0 failures.
2025-04-13 09:43:27,517 - INFO: Total pages processed: 2
2025-04-13 09:43:27,517 - INFO: Failed links: 0
2025-04-13 09:44:50,471 - INFO: Scraping section: tutorials from https://kubernetes.io/docs/tutorials/
2025-04-13 09:44:50,650 - INFO: Found 2 links to process for section: tutorials
2025-04-13 09:44:50,809 - INFO: Completed scraping section: tutorials. Processed 2 links with 0 failures.
2025-04-13 09:44:50,810 - INFO: Total pages processed: 2
2025-04-13 09:44:50,810 - INFO: Failed links: 0
2025-04-13 09:46:35,473 - INFO: Scraping section: tutorials from https://kubernetes.io/docs/tutorials/
2025-04-13 09:46:35,662 - INFO: Found 2 links to process for section: tutorials
2025-04-13 09:46:35,819 - INFO: Completed scraping section: tutorials. Processed 2 links with 0 failures.
2025-04-13 09:46:35,819 - INFO: Total pages processed: 2
2025-04-13 09:46:35,819 - INFO: Failed links: 0
2025-04-13 09:52:53,434 - INFO: Scraping section: tutorials from https://kubernetes.io/docs/tutorials/
2025-04-13 09:52:53,623 - INFO: Found 2 links to process for section: tutorials
2025-04-13 09:52:53,781 - INFO: Completed scraping section: tutorials. Processed 2 links with 0 failures.
2025-04-13 09:52:53,781 - INFO: Total pages processed: 2
2025-04-13 09:52:53,781 - INFO: Failed links: 0
2025-04-13 09:53:22,157 - INFO: Scraping section: tutorials from https://kubernetes.io/docs/tutorials/
2025-04-13 09:53:22,342 - INFO: Found 2 links to process for section: tutorials
2025-04-13 09:53:22,492 - INFO: Completed scraping section: tutorials. Processed 2 links with 0 failures.
2025-04-13 09:53:22,492 - INFO: Total pages processed: 2
2025-04-13 09:53:22,492 - INFO: Failed links: 0
2025-04-13 10:43:14,238 - INFO: Scraping section: tutorials from https://kubernetes.io/docs/tutorials/
2025-04-13 10:43:14,451 - INFO: Found 2 links to process for section: tutorials
2025-04-13 10:43:14,934 - INFO: Completed scraping section: tutorials. Processed 2 links with 0 failures.
2025-04-13 10:43:14,934 - INFO: Total pages processed: 0
2025-04-13 10:43:14,934 - INFO: Failed links: 0
2025-04-13 10:43:17,445 - INFO: Scraping section: tutorials from https://kubernetes.io/docs/tutorials/
2025-04-13 10:43:17,623 - INFO: Found 2 links to process for section: tutorials
2025-04-13 10:43:17,776 - INFO: Completed scraping section: tutorials. Processed 2 links with 0 failures.
2025-04-13 10:43:17,776 - INFO: Total pages processed: 0
2025-04-13 10:43:17,776 - INFO: Failed links: 0
2025-04-13 10:43:29,474 - INFO: Scraping section: tutorials from https://kubernetes.io/docs/tutorials/
2025-04-13 10:43:29,664 - INFO: Found 2 links to process for section: tutorials
2025-04-13 10:43:29,816 - INFO: Completed scraping section: tutorials. Processed 2 links with 0 failures.
2025-04-13 10:43:29,816 - INFO: Total pages processed: 0
2025-04-13 10:43:29,816 - INFO: Failed links: 0
2025-04-13 10:43:59,678 - INFO: Scraping section: tutorials from https://kubernetes.io/docs/tutorials/
2025-04-13 10:43:59,863 - INFO: Found 2 links to process for section: tutorials
2025-04-13 10:44:00,019 - INFO: Completed scraping section: tutorials. Processed 2 links with 0 failures.
2025-04-13 10:44:00,019 - INFO: Total pages processed: 0
2025-04-13 10:44:00,019 - INFO: Failed links: 0
2025-04-13 10:44:03,777 - INFO: Scraping section: tutorials from https://kubernetes.io/docs/tutorials/
2025-04-13 10:44:03,960 - INFO: Found 2 links to process for section: tutorials
2025-04-13 10:44:04,114 - INFO: Completed scraping section: tutorials. Processed 2 links with 0 failures.
2025-04-13 10:44:04,114 - INFO: Total pages processed: 0
2025-04-13 10:44:04,114 - INFO: Failed links: 0
2025-04-13 10:50:31,365 - INFO: Scraping section: tutorials from https://kubernetes.io/docs/tutorials/
2025-04-13 10:50:58,766 - INFO: Scraping section: tutorials from https://kubernetes.io/docs/tutorials/
2025-04-13 10:51:38,565 - INFO: Scraping section: tutorials from https://kubernetes.io/docs/tutorials/
2025-04-13 10:51:49,931 - INFO: Scraping section: tutorials from https://kubernetes.io/docs/tutorials/
2025-04-13 10:52:17,055 - INFO: Scraping section: tutorials from https://kubernetes.io/docs/tutorials/
2025-04-13 10:52:17,243 - INFO: Found 2 links to process for section: tutorials
2025-04-13 10:52:17,397 - INFO: Completed scraping section: tutorials. Processed 2 links with 0 failures.
2025-04-13 10:52:17,397 - INFO: Total pages processed: 0
2025-04-13 10:52:17,397 - INFO: Failed links: 0
2025-04-13 10:54:08,435 - INFO: Scraping section: tutorials from https://kubernetes.io/docs/tutorials/
2025-04-13 10:54:08,784 - INFO: Completed scraping section: tutorials. Processed 2 links with 0 failures.
2025-04-13 10:54:08,784 - INFO: Total pages processed: 0
2025-04-13 10:54:08,784 - INFO: Failed links: 0
2025-04-13 10:59:17,094 - INFO: Scraping section: tutorials from https://kubernetes.io/docs/tutorials/
2025-04-13 10:59:17,439 - INFO: Completed scraping section: tutorials. Processed 2 links with 0 failures.
2025-04-13 10:59:17,440 - INFO: Total pages processed: 0
2025-04-13 10:59:17,440 - INFO: Failed links: 0
2025-04-13 11:03:02,872 - INFO: Scraping section: tutorials from https://kubernetes.io/docs/tutorials/
2025-04-13 11:03:03,229 - INFO: Completed scraping section: tutorials. Processed 2 links with 0 failures.
2025-04-13 11:03:03,229 - INFO: Total pages processed: 0
2025-04-13 11:03:03,229 - INFO: Failed links: 0
2025-04-13 11:04:05,918 - INFO: Scraping section: tutorials from https://kubernetes.io/docs/tutorials/
2025-04-13 11:04:17,754 - INFO: Scraping section: tutorials from https://kubernetes.io/docs/tutorials/
2025-04-13 11:04:31,046 - INFO: Scraping section: tutorials from https://kubernetes.io/docs/tutorials/
2025-04-13 11:05:54,528 - INFO: Scraping section: tutorials from https://kubernetes.io/docs/tutorials/
2025-04-13 11:05:59,225 - INFO: Scraping section: tutorials from https://kubernetes.io/docs/tutorials/
2025-04-13 11:06:04,954 - INFO: Scraping section: tutorials from https://kubernetes.io/docs/tutorials/
2025-04-13 11:06:39,039 - INFO: Scraping section: tutorials from https://kubernetes.io/docs/tutorials/
2025-04-13 11:06:39,387 - INFO: Completed scraping section: tutorials. Processed 2 links with 0 failures.
2025-04-13 11:06:39,387 - INFO: Total pages processed: 0
2025-04-13 11:06:39,387 - INFO: Failed links: 0
2025-04-13 11:07:23,751 - INFO: Scraping section: tutorials from https://kubernetes.io/docs/tutorials/
2025-04-13 11:07:24,082 - INFO: Completed scraping section: tutorials. Processed 2 links with 0 failures.
2025-04-13 11:07:24,083 - INFO: Total pages processed: 0
2025-04-13 11:07:24,083 - INFO: Failed links: 0
2025-04-13 11:08:45,193 - INFO: Scraping section: tutorials from https://kubernetes.io/docs/tutorials/
2025-04-13 11:08:45,572 - INFO: Completed scraping section: tutorials. Processed 2 links with 0 failures.
2025-04-13 11:08:45,572 - INFO: Total pages processed: 0
2025-04-13 11:08:45,572 - INFO: Failed links: 0
2025-04-13 11:12:33,961 - INFO: Scraping section: tutorials from https://kubernetes.io/docs/tutorials/
2025-04-13 11:12:34,289 - INFO: Completed scraping section: tutorials. Processed 2 links with 0 failures.
2025-04-13 11:12:34,290 - INFO: Total pages processed: 0
2025-04-13 11:12:34,290 - INFO: Failed links: 0
2025-04-13 11:16:51,699 - INFO: Scraping section: tutorials from https://kubernetes.io/docs/tutorials/
2025-04-13 11:16:52,041 - INFO: Completed scraping section: tutorials. Processed 2 links with 0 failures.
2025-04-13 11:16:52,041 - INFO: Total pages processed: 0
2025-04-13 11:16:52,041 - INFO: Failed links: 0
2025-04-13 11:20:47,172 - INFO: Scraping section: tutorials from https://kubernetes.io/docs/tutorials/
2025-04-13 11:20:55,652 - INFO: Scraping section: tutorials from https://kubernetes.io/docs/tutorials/
2025-04-13 11:20:56,016 - INFO: Completed scraping section: tutorials. Processed 2 links with 0 failures.
2025-04-13 11:20:56,016 - INFO: Total pages processed: 0
2025-04-13 11:20:56,016 - INFO: Failed links: 0
2025-04-13 11:23:50,823 - INFO: Scraping section: tutorials from https://kubernetes.io/docs/tutorials/
2025-04-13 11:23:51,202 - INFO: Completed scraping section: tutorials. Processed 2 links with 0 failures.
2025-04-13 11:23:51,202 - INFO: Total pages processed: 0
2025-04-13 11:23:51,202 - INFO: Failed links: 0
2025-04-13 11:24:07,656 - INFO: Scraping section: tutorials from https://kubernetes.io/docs/tutorials/
2025-04-13 11:24:07,983 - INFO: Completed scraping section: tutorials. Processed 2 links with 0 failures.
2025-04-13 11:24:07,983 - INFO: Total pages processed: 0
2025-04-13 11:24:07,983 - INFO: Failed links: 0
2025-04-13 11:26:42,153 - INFO: Scraping section: tutorials from https://kubernetes.io/docs/tutorials/
2025-04-13 11:26:42,499 - INFO: Completed scraping section: tutorials. Processed 2 links with 0 failures.
2025-04-13 11:26:42,499 - INFO: Total pages processed: 0
2025-04-13 11:26:42,499 - INFO: Failed links: 0
2025-04-13 11:49:38,124 - INFO: Scraping section: tutorials from https://kubernetes.io/docs/tutorials/
2025-04-13 11:49:38,499 - INFO: Completed scraping section: tutorials. Processed 2 links with 0 failures.
2025-04-13 11:49:38,499 - INFO: Total pages processed: 2
2025-04-13 11:49:38,499 - INFO: Failed links: 0
2025-04-13 11:49:45,806 - INFO: Scraping section: tutorials from https://kubernetes.io/docs/tutorials/
2025-04-13 11:49:46,133 - INFO: Completed scraping section: tutorials. Processed 2 links with 0 failures.
2025-04-13 11:49:46,133 - INFO: Total pages processed: 0
2025-04-13 11:49:46,133 - INFO: Failed links: 0
2025-04-13 11:49:59,700 - INFO: Scraping section: tutorials from https://kubernetes.io/docs/tutorials/
2025-04-13 11:50:00,036 - INFO: Completed scraping section: tutorials. Processed 2 links with 0 failures.
2025-04-13 11:50:00,036 - INFO: Total pages processed: 0
2025-04-13 11:50:00,036 - INFO: Failed links: 0
2025-04-13 11:51:15,245 - INFO: Scraping section: tutorials from https://kubernetes.io/docs/tutorials/
2025-04-13 11:51:15,599 - INFO: Completed scraping section: tutorials. Processed 2 links with 0 failures.
2025-04-13 11:51:15,599 - INFO: Total pages processed: 0
2025-04-13 11:51:15,599 - INFO: Failed links: 0
2025-04-13 12:03:07,255 - INFO: Scraping section: tutorials from https://kubernetes.io/docs/tutorials/
2025-04-13 12:03:07,602 - INFO: Completed scraping section: tutorials. Processed 2 links with 0 failures.
2025-04-13 12:03:07,602 - INFO: Total pages processed: 0
2025-04-13 12:03:07,602 - INFO: Failed links: 0
2025-04-13 12:03:20,273 - INFO: Scraping section: tutorials from https://kubernetes.io/docs/tutorials/
2025-04-13 12:03:20,631 - INFO: Completed scraping section: tutorials. Processed 2 links with 0 failures.
2025-04-13 12:03:20,631 - INFO: Total pages processed: 0
2025-04-13 12:03:20,631 - INFO: Failed links: 0
2025-04-13 12:05:26,018 - INFO: Scraping section: tutorials from https://kubernetes.io/docs/tutorials/
2025-04-13 12:05:26,360 - INFO: Completed scraping section: tutorials. Processed 2 links with 0 failures.
2025-04-13 12:05:26,360 - INFO: Total pages processed: 0
2025-04-13 12:05:26,360 - INFO: Failed links: 0
2025-04-13 12:05:26,758 - INFO: Latest version: v1.32.3 (major: 1, minor: 32)
2025-04-13 12:07:03,383 - INFO: Scraping section: tutorials from https://kubernetes.io/docs/tutorials/
2025-04-13 12:07:03,714 - INFO: Completed scraping section: tutorials. Processed 2 links with 0 failures.
2025-04-13 12:07:03,715 - INFO: Total pages processed: 0
2025-04-13 12:07:03,715 - INFO: Failed links: 0
2025-04-13 12:07:11,789 - INFO: Scraping section: tutorials from https://kubernetes.io/docs/tutorials/
2025-04-13 12:07:12,126 - INFO: Completed scraping section: tutorials. Processed 2 links with 0 failures.
2025-04-13 12:07:12,126 - INFO: Total pages processed: 0
2025-04-13 12:07:12,126 - INFO: Failed links: 0
2025-04-13 12:07:12,532 - INFO: Latest version: v1.32.3 (major: 1, minor: 32)
2025-04-13 12:08:22,036 - INFO: Scraping section: tutorials from https://kubernetes.io/docs/tutorials/
2025-04-13 12:08:22,371 - INFO: Completed scraping section: tutorials. Processed 2 links with 0 failures.
2025-04-13 12:08:22,371 - INFO: Total pages processed: 0
2025-04-13 12:08:22,371 - INFO: Failed links: 0
2025-04-13 12:08:22,748 - INFO: Latest version: v1.32.3 (major: 1, minor: 32)
